20250606T071802.198-0300      Execution started.
20250606T071802.198-0300      Qlik Sense Server Version     12.1140.2
20250606T071802.198-0300      CPU Target                    x64
20250606T071802.200-0300      Operating System              Windows Server 2012 Standard  (64 bit edition)
20250606T071802.200-0300      Wow64 mode                    Not using Wow64
20250606T071802.200-0300      Language                      0416 português Portuguese
20250606T071802.200-0300      Country                       BRA Brasil Brazil
20250606T071802.200-0300      MDAC Version                  6.2.9200.16384
20250606T071802.200-0300      MDAC Full Install Version     6.2.9200.16384
20250606T071802.200-0300      PreferredCompression          2
20250606T071802.200-0300      EnableParallelReload          1
20250606T071802.200-0300      AutoSaveAfterReload           0
20250606T071802.200-0300      BackupBeforeReload            0
20250606T071802.200-0300      EnableFlushLog                0
20250606T071802.200-0300      UserLogfileCharset            65001
20250606T071802.200-0300      OdbcLoginTimeout              -1
20250606T071802.200-0300      OdbcConnectionTimeout         -1
20250606T071802.200-0300      ConnectorSettingsFile         
20250606T071802.200-0300      LongestPossibleLine           1048576
20250606T071802.200-0300      MaxCoreMask                   15
20250606T071802.200-0300      WebFileTimeout                0
20250606T071802.200-0300      WebFileUserAgent              Mozilla/5.0
20250606T071802.200-0300      DontUseInternetCache          1
20250606T071802.200-0300      ReloadInstrTraceLevel         0
20250606T071802.200-0300      ConcatCalcTermLen             2147483646
20250606T071802.201-0300      ScriptWantsDbWrite            false
20250606T071802.201-0300      ScriptWantsExe                false
20250606T071802.201-0300      LogFile CodePage Used:        65001
20250606T071802.201-0300      UseMemoryFillPattern          1
20250606T071802.201-0300      ScriptMode                    Standard (limits system access)
20250606T071802.201-0300      SequentialThreadCount         14
20250606T071802.201-0300      NumberOfCores (effective)     4
20250606T071802.201-0300      ReloadCodebase                Bnf
20250606T071803.862-0300      Reload ID                     1d5ac300-b4ba-417b-bd73-c78285e59aa3
20250606T071803.862-0300      Reload Executed By            UserDirectory=INTERNAL; UserId=sa_scheduler
20250606T071803.862-0300      Process Executing             Qlik Sense Server
20250606T071803.862-0300      Process ID                    5592
20250606T071803.862-0300      Grpc version                  15.0.0
20250606T071803.862-0300      Protobuf version              3.15.6
20250606T071803.862-0300      Effective strict level        0
20250606T071803.879-0300 0002 SET ThousandSep=','
20250606T071803.879-0300 0003 SET DecimalSep='.'
20250606T071803.879-0300 0004 SET MoneyThousandSep=','
20250606T071803.879-0300 0005 SET MoneyDecimalSep='.'
20250606T071803.879-0300 0006 SET MoneyFormat='R$ #.##0,00;-R$ #.##0,00'
20250606T071803.879-0300 0007 SET TimeFormat='hh:mm:ss'
20250606T071803.879-0300 0008 SET DateFormat='DD/MM/YYYY'
20250606T071803.879-0300 0009 SET TimestampFormat='DD/MM/YYYY hh:mm:ss[.fff]'
20250606T071803.879-0300 0010 SET MonthNames='jan;fev;mar;abr;mai;jun;jul;ago;set;out;nov;dez'
20250606T071803.879-0300 0011 SET DayNames='segunda;terça;quarta;quinta;sexta;sábado;domingo'
20250606T071803.879-0300 0012 SET LongMonthNames='janeiro;fevereiro;março;abril;maio;junho;julho;agosto;setembro;outubro;novembro;dezembro'
20250606T071803.879-0300 0013 SET LongDayNames='segunda-feira;terça-feira;quarta-feira;quinta-feira;sexta-feira;sábado;domingo'
20250606T071803.879-0300 0014 SET FirstWeekDay=6
20250606T071803.880-0300 0015 SET BrokenWeeks=1
20250606T071803.880-0300 0016 SET ReferenceDay=0
20250606T071803.880-0300 0017 SET FirstMonthOfYear=1
20250606T071803.880-0300 0018 SET CollationLocale='pt-BR'
20250606T071803.880-0300 0019 SET NumericalAbbreviation='3:k;6:M;9:G;12:T;15:P;18:E;21:Z;24:Y;-3:m;-6:μ;-9:n;-12:p;-15:f;-18:a;-21:z;-24:y'
20250606T071803.883-0300 0024 Pessoa:
20250606T071803.883-0300 0025 LOAD
20250606T071803.883-0300 0026     COD_PESSOA AS COD_PESS,
20250606T071803.883-0300 0027     COD_SERVIDOR,
20250606T071803.883-0300 0028     NOME_PESSOA,
20250606T071803.883-0300 0029     NUM#(RG_MILITAR)*1 AS RG_MILITAR,
20250606T071803.883-0300 0030     mid(left(CPF,3),1)&'.'&mid(left(CPF,6),4)&'.'&mid(left(CPF,9),7)&'-'&mid(left(CPF,11),10)as CPF,
20250606T071803.883-0300 0031     DATE#(DT_NASCIMENTO,'DD/MM/YY') AS DN,
20250606T071803.883-0300 0032     age(today(),date#(DT_NASCIMENTO,'DD/MM/YY')) as IDADE, 
20250606T071803.883-0300 0033     SIGLA_PGQ AS POSTO_GRAD,
20250606T071803.883-0300 0034     STATUS,
20250606T071803.883-0300 0035     SITUACAO,
20250606T071803.883-0300 0036     NOME_GUERRA AS NOME,
20250606T071803.883-0300 0037     SIGLA_UNIDADE AS UNIDADE,
20250606T071803.883-0300 0038     COD_ESTRUTURA_UNIDADE,
20250606T071803.883-0300 0039     date#(INICIO_FUNCAO,'DD/MM/YY') as INICIO_FUNCAO,
20250606T071803.883-0300 0040     date#(TERMINO_FUNCAO,'DD/MM/YY') as TERMINO_FUNCAO,
20250606T071803.883-0300 0041     STATUS_FUNCAO,
20250606T071803.883-0300 0042     PUB_FUNCAO,
20250606T071803.883-0300 0043     if(isnull(DESC_FUNCAO),'nulo',DESC_FUNCAO) AS FUNCAO,
20250606T071803.883-0300 0044     SIGLA_FUNCAO,
20250606T071803.883-0300 0045     COD_ESTRUTURA_FUNCAO,
20250606T071803.883-0300 0046     NOME_MUNICIPIO,
20250606T071803.883-0300 0047     date#(DT_PROMOCAO,'DD/MM/YY') as PROMOCAO,
20250606T071803.883-0300 0048     date#(DT_INCLUSAO,'DD/MM/YY') as INCLUSAO,
20250606T071803.883-0300 0049     SEXO,
20250606T071803.883-0300 0050     ORDER_COMANDO as ORDENACAO,
20250606T071803.883-0300 0051     SIGLA_QUADRO,
20250606T071803.883-0300 0052 	If(COD_CORPORACAO=62 and STATUS='ATIVO' and not isnull (SIGLA_UNIDADE) and not IsNull(NOME_PESSOA) , 1,0) as 	Filtro_Funcao_ficha_ETSC,
20250606T071803.883-0300 0053 	If(COD_CORPORACAO=62 and not IsNull([RG_MILITAR]) and STATUS='ATIVO', 1, 0) as Filtro_Punicoes_ETSC,
20250606T071803.883-0300 0054     If(COD_CORPORACAO = 62 AND STATUS = 'ATIVO' AND NOT IsNull(SIGLA_UNIDADE) AND NOT IsNull(NOME_PESSOA), 1,0) AS Filtro_Curso_Esco_ETSC,	
20250606T071803.883-0300 0055 	COD_CORPORACAO AS COD_CORP,
20250606T071803.883-0300 0056     DATE#(DT_EXCLUSAO,'DD/MM/YY') AS DT_EXCLUSAO,
20250606T071803.883-0300 0057     IF(COD_CORPORACAO = 63, 'PC',
20250606T071803.883-0300 0058     IF(COD_CORPORACAO = 62, 'BM',
20250606T071803.883-0300 0059     IF(COD_CORPORACAO = 61, 'PM', 
20250606T071803.883-0300 0060     IF(COD_CORPORACAO = 25, 'SSPJ', 
20250606T071803.883-0300 0061     IF(COD_CORPORACAO = 27, 'GCM-GYN', 
20250606T071803.883-0300 0062     IF(COD_CORPORACAO = 23, 'PRF', 
20250606T071803.883-0300 0063     IF(COD_CORPORACAO = 24, 'PROCON', 
20250606T071803.883-0300 0064     IF(COD_CORPORACAO = 22, 'SPTC', 
20250606T071803.883-0300 0065     IF(COD_CORPORACAO = 28, 'SECAMI', 
20250606T071803.883-0300 0066 	IF(COD_CORPORACAO = 30, 'DGAP',     
20250606T071803.883-0300 0067 	IF(COD_CORPORACAO = 29, 'PF',
20250606T071803.883-0300 0068 	IF(COD_CORPORACAO = 26, 'EXTERNO',
20250606T071803.883-0300 0069     'OUTRA')))))))))))) AS CORPORACAO_NOME
20250606T071803.883-0300 0070 
20250606T071803.883-0300 0071 FROM [lib://ETL/etl-oracle/extract_sicad_oracle/E_TODOS_SERVIDORES_CORPORACOES.qvd]
20250606T071803.883-0300 0072 (qvd)
20250606T071804.053-0300      	32 fields found: COD_PESS, COD_SERVIDOR, NOME_PESSOA, RG_MILITAR, CPF, DN, IDADE, POSTO_GRAD, STATUS, SITUACAO, NOME, UNIDADE, COD_ESTRUTURA_UNIDADE, INICIO_FUNCAO, TERMINO_FUNCAO, STATUS_FUNCAO, PUB_FUNCAO, FUNCAO, SIGLA_FUNCAO, COD_ESTRUTURA_FUNCAO, NOME_MUNICIPIO, PROMOCAO, INCLUSAO, SEXO, ORDENACAO, SIGLA_QUADRO, Filtro_Funcao_ficha_ETSC, Filtro_Punicoes_ETSC, Filtro_Curso_Esco_ETSC, COD_CORP, DT_EXCLUSAO, CORPORACAO_NOME, 
20250606T071810.902-0300      310.874 lines fetched
20250606T071810.968-0300 0075 LEFT JOIN (Pessoa)
20250606T071810.968-0300 0076 LOAD
20250606T071810.968-0300 0077     ID_UNIDADE AS COD_ESTRUTURA_UNIDADE,
20250606T071810.968-0300 0078     REGIONAL,
20250606T071810.968-0300 0079 	If(ID_CORPORACAO=62 and SITUACAO_REGIONAL='ATIVA' and SITUACAO_UNIDADE='ATIVA', 1, 0) as Filtro_Funcao_ficha_EEOR,
20250606T071810.968-0300 0080 	ID_CORPORACAO
20250606T071810.968-0300 0081 
20250606T071810.968-0300 0082 FROM [lib://ETL/etl-oracle/extract_sicad_oracle/E_EST_ORGANIZACIONAL_REAL.qvd]
20250606T071810.968-0300 0083 (qvd)
20250606T071811.177-0300      	4 fields found: COD_ESTRUTURA_UNIDADE, REGIONAL, Filtro_Funcao_ficha_EEOR, ID_CORPORACAO, 
20250606T071814.693-0300      150.757 lines fetched
20250606T071814.693-0300      Joining/Keeping
20250606T071815.095-0300 0089 Let Sicad = Now()
20250606T071815.096-0300 0090 TRACE 06/06/2025 07:18:15
20250606T071815.096-0300 0090 06/06/2025 07:18:15
20250606T071815.096-0300 0091 
20250606T071815.096-0300 0092 LOAD
20250606T071815.096-0300 0093     if(ISNULL(NOTA),'nulo',NOTA) AS NOTA,
20250606T071815.096-0300 0094     if(ISNULL(CARGA_HORARIA),'nulo',CARGA_HORARIA)AS CARGA_HORARIA,
20250606T071815.096-0300 0095     NOME_CURSO,
20250606T071815.096-0300 0096     NUMERO_BOLETIM as NUMERO_BOLETIM_CURSO ,
20250606T071815.096-0300 0097     ANO_BOLETIM AS ANO_BOLETIM_CURSO,
20250606T071815.096-0300 0098     num#([RG_MILITAR])*1 AS RG_MILITAR,
20250606T071815.096-0300 0099     PUBLICACAO AS PUBLICACAO_CURSO
20250606T071815.096-0300 0100 FROM [lib://ETL/etl-oracle/extract_sicad_oracle/E_CURSO.qvd]
20250606T071815.096-0300 0101 (qvd)
20250606T071815.096-0300 0102 WHERE COD_CORPORACAO=62 and APROVADO='S' and PUBLICACAO='B'
20250606T071815.134-0300      	7 fields found: NOTA, CARGA_HORARIA, NOME_CURSO, NUMERO_BOLETIM_CURSO, ANO_BOLETIM_CURSO, RG_MILITAR, PUBLICACAO_CURSO, 
20250606T071815.378-0300      130.015 lines fetched
20250606T071815.380-0300 0105 D:
20250606T071815.380-0300 0106 LOAD
20250606T071815.380-0300 0107     ESCOLARIDADE,
20250606T071815.380-0300 0108     ESPECIALIDADE,
20250606T071815.380-0300 0109     COD_PESSOA AS COD_PESS,
20250606T071815.380-0300 0110     NOME_PROFISSAO AS PROFISSAO,
20250606T071815.380-0300 0111     NOME_AREA_PROF AS AREA
20250606T071815.380-0300 0112     ,pick(match(ESCOLARIDADE,
20250606T071815.380-0300 0113     	'DOUTORADO','MESTRADO','ESPECIALIZAÇÃO','PÓS GRADUAÇÃO','ESPECIALIZAÇÃO LATO SENSU','PÓS - GRADUAÇÃO LATO SENSU'
20250606T071815.380-0300 0114 		,'PÓS-GRADUAÇÃO STRICTO SENSU','SUPERIOR COMPLETO','SUPERIOR SEQUENCIAL','SUPERIOR INCOMPLETO'
20250606T071815.380-0300 0115 		,'TECNÓLOGO','TÉCNICO','MÉDIO COMPLETO','MÉDIO INCOMPLETO','FUNDAMENTAL COMPLETO','FUNDAMENTAL INCOMPLETO'
20250606T071815.380-0300 0116 		,'NÃO INFORMADO'),1,2,3,4,5,6,7,8,9,10,11,12,13,14,15,16,17,99) AS ORDEM_ESCOLARIDADE
20250606T071815.380-0300 0117 FROM [lib://ETL/etl-oracle/extract_sicad_oracle/E_GRAU_DE_INSTRUCAO.qvd]
20250606T071815.381-0300 0118 (qvd)
20250606T071815.381-0300 0119 WHERE COD_CORPORACAO=62
20250606T071815.386-0300      	6 fields found: ESCOLARIDADE, ESPECIALIDADE, COD_PESS, PROFISSAO, AREA, ORDEM_ESCOLARIDADE, 
20250606T071815.414-0300      5.261 lines fetched
20250606T071815.417-0300 0121 E:
20250606T071815.417-0300 0122 LOAD
20250606T071815.417-0300 0123 	COD_PESS,
20250606T071815.417-0300 0124     min(ORDEM_ESCOLARIDADE) AS FLAG
20250606T071815.417-0300 0125 Resident D Group By COD_PESS
20250606T071815.422-0300      	2 fields found: COD_PESS, FLAG, 
20250606T071815.424-0300      3.119 lines fetched
20250606T071815.424-0300 0127 Left Join (Pessoa)
20250606T071815.424-0300 0128 LOAD * Inline [
20250606T071815.424-0300 0129 SIGLA_QUADRO,ORDEM_QUADRO
20250606T071815.424-0300 0130 QOC,b
20250606T071815.424-0300 0131 QOA/ADM,c
20250606T071815.424-0300 0132 QOA/MÚSICO,d
20250606T071815.424-0300 0133 QOS,e
20250606T071815.424-0300 0134 COIRMÃS,f
20250606T071815.424-0300 0135 QP/ESPECIAIS,g
20250606T071815.424-0300 0136 QP/COMBATENTE,h
20250606T071815.424-0300 0137 QP/MÚSICO,i
20250606T071815.424-0300 0138 QMS,j
20250606T071815.424-0300 0139 CIVIL,l
20250606T071815.424-0300 0140 ]
20250606T071815.424-0300      	2 fields found: SIGLA_QUADRO, ORDEM_QUADRO, 
20250606T071815.425-0300      10 lines fetched
20250606T071815.425-0300      Joining/Keeping
20250606T071815.629-0300 0142 B:
20250606T071815.629-0300 0143 LOAD
20250606T071815.629-0300 0144     RG AS RG_MILITAR,
20250606T071815.629-0300 0145     ANTIGUIDADE
20250606T071815.629-0300 0146 FROM [lib://ETL/extract_diversos_ofc/ALMANAQUE_OFICIAIS.qvd]
20250606T071815.629-0300 0147 (qvd)
20250606T071815.729-0300      	2 fields found: RG_MILITAR, ANTIGUIDADE, 
20250606T071815.743-0300      551 lines fetched
20250606T071815.745-0300 0148 LOAD
20250606T071815.745-0300 0149     RG AS RG_MILITAR,
20250606T071815.745-0300 0150     ANTIGUIDADE
20250606T071815.745-0300 0151 FROM [lib://ETL/extract_diversos_ofc/ALMANAQUE_PRACAS.qvd]
20250606T071815.745-0300 0152 (qvd)
20250606T071815.758-0300      	2 fields found: RG_MILITAR, ANTIGUIDADE, 
20250606T071815.777-0300      3.051 lines fetched
20250606T071815.779-0300 0154 Left Join (Pessoa)
20250606T071815.779-0300 0155 LOAD * Resident B
20250606T071815.779-0300      	2 fields found: RG_MILITAR, ANTIGUIDADE, 
20250606T071815.963-0300      3.051 lines fetched
20250606T071815.963-0300      Joining/Keeping
20250606T071816.621-0300 0156 Drop Table B
20250606T071816.636-0300 0159 Set aux1 = 'lib://ETL/extract_bm_vistoria_oracle/E_ESCALAS_BM.qvd'
20250606T071816.636-0300 0160 LET vQvd1CreateTime = QvdCreateTime(aux1)
20250606T071816.644-0300 0161 MapaForca:
20250606T071816.644-0300 0162 LOAD
20250606T071816.644-0300 0163     NUMERO_ESCALA,
20250606T071816.644-0300 0164     EQUIPE_NOME,
20250606T071816.644-0300 0165     MUNICIPIO_NOME,
20250606T071816.644-0300 0166     SITUACAO as SITUACAO_MAPA,
20250606T071816.644-0300 0167     TELEFONE,
20250606T071816.644-0300 0168     TIPOESCALA,
20250606T071816.644-0300 0169     if(UNIDADE_NOME='7º BBM - APARECIDA DE GOIÂNIA', '7º BATALHÃO BOMBEIRO MILITAR', UNIDADE_NOME) AS UNIDADE_NOME,
20250606T071816.644-0300 0170     VIATURA_PREFIXO,
20250606T071816.644-0300 0171     AREA AS AREA_MAPA,
20250606T071816.644-0300 0172     EMPREGORECURSO_NOME,
20250606T071816.644-0300 0173     NOME AS NOME_MAPA,
20250606T071816.644-0300 0174     NOME_GUERRA as NOME_GUERRA_MAPA,
20250606T071816.644-0300 0175     GRAD_ATUAL,
20250606T071816.644-0300 0176     IDENTIFICACAO,
20250606T071816.644-0300 0177     CPF AS CPF_FORÇA,
20250606T071816.644-0300 0178     if( HORAEXTRA = 0, '-', if( HORAEXTRA = 1 , ORIGEMEXTRAREMUNERADO, '..')) AS HORAEXTRA,
20250606T071816.644-0300 0179     DESCRICAO,
20250606T071816.644-0300 0180     SUPERIOR,
20250606T071816.644-0300 0181     DATAINICIOESCALA,
20250606T071816.644-0300 0182     DATAFINALESCALA,
20250606T071816.644-0300 0183     DATA_CONSULTA,
20250606T071816.644-0300 0184     DTPREVISAO,
20250606T071816.644-0300 0185     left( if( len (VIATURA_PREFIXO) > 1 ,VIATURA_PREFIXO ),3 ) AS TIPO_MAPA
20250606T071816.644-0300 0186 FROM [lib://ETL/etl-oracle/extract_bm_vistoria_oracle/E_ESCALAS_BM.qvd]
20250606T071816.644-0300 0187 (qvd)
20250606T071816.644-0300 0188 WHERE not IsNull(DATAINICIOESCALA)
20250606T071816.654-0300      	23 fields found: NUMERO_ESCALA, EQUIPE_NOME, MUNICIPIO_NOME, SITUACAO_MAPA, TELEFONE, TIPOESCALA, UNIDADE_NOME, VIATURA_PREFIXO, AREA_MAPA, EMPREGORECURSO_NOME, NOME_MAPA, NOME_GUERRA_MAPA, GRAD_ATUAL, IDENTIFICACAO, CPF_FORÇA, HORAEXTRA, DESCRICAO, SUPERIOR, DATAINICIOESCALA, DATAFINALESCALA, DATA_CONSULTA, DTPREVISAO, TIPO_MAPA, 
20250606T071822.257-0300      326.503 lines fetched
20250606T071822.260-0300 0191 Concatenate (MapaForca)
20250606T071822.260-0300 0192 LOAD
20250606T071822.260-0300 0193     NUMERO_ESCALA,
20250606T071822.260-0300 0194     EQUIPE_NOME,
20250606T071822.260-0300 0195     MUNICIPIO_NOME,
20250606T071822.260-0300 0196     SITUACAO as SITUACAO_MAPA,
20250606T071822.260-0300 0197     TELEFONE,
20250606T071822.260-0300 0198     TIPOESCALA,
20250606T071822.260-0300 0199     if(UNIDADE_NOME='7º BBM - APARECIDA DE GOIÂNIA', '7º BATALHÃO BOMBEIRO MILITAR', UNIDADE_NOME) AS UNIDADE_NOME,
20250606T071822.260-0300 0200     PREFIXO AS VIATURA_PREFIXO,
20250606T071822.260-0300 0201     AREA AS AREA_MAPA,
20250606T071822.260-0300 0202     EMPREGORECURSO_NOME,
20250606T071822.260-0300 0203     NOME AS NOME_MAPA,
20250606T071822.260-0300 0204     NOME_GUERRA as NOME_GUERRA_MAPA,
20250606T071822.260-0300 0205     GRAD_ATUAL,
20250606T071822.260-0300 0206     IDENTIFICACAO,
20250606T071822.260-0300 0207     CPF AS CPF_FORÇA,
20250606T071822.260-0300 0208     if( HORAEXTRA = 0, '-', if( HORAEXTRA = 1 , ORIGEMEXTRAREMUNERADO, '..')) AS HORAEXTRA,
20250606T071822.260-0300 0209     DESCRICAO,
20250606T071822.260-0300 0210     SUPERIOR,
20250606T071822.260-0300 0211     DATAINICIOESCALA,
20250606T071822.260-0300 0212     DATAFINALESCALA,
20250606T071822.260-0300 0213     DATA_CONSULTA,
20250606T071822.260-0300 0214     DTPREVISAO,
20250606T071822.260-0300 0215     left( if( len (PREFIXO) > 1 ,PREFIXO ),3 ) AS TIPO_MAPA
20250606T071822.260-0300 0216 FROM [lib://ETL/etl-oracle/extract_bm_vistoria_oracle/E_ESCALAS_BM.qvd]
20250606T071822.260-0300 0217 (qvd)
20250606T071822.260-0300 0218 Where not IsNull(PREFIXO) and not IsNull(DATAINICIOESCALA)
20250606T071822.265-0300      	23 fields found: NUMERO_ESCALA, EQUIPE_NOME, MUNICIPIO_NOME, SITUACAO_MAPA, TELEFONE, TIPOESCALA, UNIDADE_NOME, VIATURA_PREFIXO, AREA_MAPA, EMPREGORECURSO_NOME, NOME_MAPA, NOME_GUERRA_MAPA, GRAD_ATUAL, IDENTIFICACAO, CPF_FORÇA, HORAEXTRA, DESCRICAO, SUPERIOR, DATAINICIOESCALA, DATAFINALESCALA, DATA_CONSULTA, DTPREVISAO, TIPO_MAPA, 
20250606T071824.216-0300      580.964 lines fetched
20250606T071824.218-0300 0224 NullAsValue *
20250606T071824.218-0300 0225 Set NullValue = '(null)'
20250606T071824.218-0300 0227 Set aux1 = 'lib://ETL/etl-oracle/extract_sicad_oracle/E_AFASTAMENTOS.qvd'
20250606T071824.218-0300 0228 LET vQvd1CreateTime = QvdCreateTime(aux1)
20250606T071824.556-0300 0230 AFASTAMENTO:
20250606T071824.556-0300 0231 LOAD Distinct
20250606T071824.556-0300 0232     COD_PESSOA AS COD_PESS,
20250606T071824.556-0300 0233     if(IsNull(EXERCICIO),'nulo',EXERCICIO) as EXERCICIO,
20250606T071824.556-0300 0234     date(DT_INICIO,'DD/MM/YY') as DT_INICIO,
20250606T071824.556-0300 0235     date(DT_FIM,'DD/MM/YY') as DT_FIM,
20250606T071824.556-0300 0236     date(DATA_APRESENTACAO,'DD/MM/YY') as DATA_APRESENTACAO,
20250606T071824.556-0300 0237     TEMPO_DIAS - num#(if(IsNull(DIAS_RESTANTES),0,DIAS_RESTANTES)) AS TEMPO_DIAS,
20250606T071824.556-0300 0238     TIPO_AFASTAMENTO,
20250606T071824.556-0300 0239     RECONCESSAO,
20250606T071824.556-0300 0240     PUBLICACAO as PUBLICACAO_AFASTAMENTO ,
20250606T071824.556-0300 0241     NUMERO_BOLETIM AS NUMERO_BOLETIM_AFASTAMENTO,
20250606T071824.556-0300 0242     ANO_BOLETIM AS ANO_BOLETIM_AFASTAMENTO,
20250606T071824.556-0300 0243     DESC_TIPO_BOLETIM,
20250606T071824.556-0300 0244     date(DATA_BOLETIM,'DD/MM/YY') as DATA_BOLETIM_AFASTAMENTO,
20250606T071824.556-0300 0245 	CODIGO
20250606T071824.556-0300 0246 FROM [lib://ETL/etl-oracle/extract_sicad_oracle/E_AFASTAMENTOS.qvd]
20250606T071824.556-0300 0247 (qvd)
20250606T071824.556-0300 0248 WHERE COD_CORPORACAO=62
20250606T071824.566-0300      	14 fields found: COD_PESS, EXERCICIO, DT_INICIO, DT_FIM, DATA_APRESENTACAO, TEMPO_DIAS, TIPO_AFASTAMENTO, RECONCESSAO, PUBLICACAO_AFASTAMENTO, NUMERO_BOLETIM_AFASTAMENTO, ANO_BOLETIM_AFASTAMENTO, DESC_TIPO_BOLETIM, DATA_BOLETIM_AFASTAMENTO, CODIGO, 
20250606T071835.792-0300      156.148 lines fetched
20250606T071835.799-0300 0250 Let AFASTAMENTO = Now()
20250606T071835.800-0300 0251 TRACE 06/06/2025 07:18:35
20250606T071835.800-0300 0251 06/06/2025 07:18:35
20250606T071835.800-0300 0252 
20250606T071835.800-0300 0255 Set z = 'lib://ETL/etl-oracle/extract_bm_vistoria_oracle/E_SICAD_FUNEBOM.qvd'
20250606T071835.800-0300 0256 LET vQvdCreateTime = QvdCreateTime(z)
20250606T071836.422-0300 0258 LOAD * Inline [
20250606T071836.422-0300 0259 ID_ESTADO,ESTADO
20250606T071836.422-0300 0260 1,GOIÁS
20250606T071836.422-0300 0261 ]
20250606T071836.423-0300      	2 fields found: ID_ESTADO, ESTADO, 
20250606T071836.424-0300      1 lines fetched
20250606T071836.424-0300 0263 NullAsValue *
20250606T071836.424-0300 0264 Set NullValue = '(null)'
20250606T071836.430-0300 0266 Siapi:
20250606T071836.430-0300 0267 
20250606T071836.430-0300 0268 LOAD
20250606T071836.430-0300 0269     ID_SOLICITACAO,
20250606T071836.430-0300 0270     RESPONSAVEL_TECNICO_ID,
20250606T071836.430-0300 0271     if(IsNull(STATUS),'nulo',if(STATUS=1,'Sim',if(STATUS=0,'Não','--'))) AS APROVADO,
20250606T071836.430-0300 0272     if(IsNull(PROTOCOLO),'nulo',PROTOCOLO) AS PROTOCOLO,
20250606T071836.430-0300 0273     if(IsNull(ANO),'nulo',ANO) AS ANO,
20250606T071836.430-0300 0274     PROTOCOLO &'/'& ANO AS [PROTOCOLO/ANO],
20250606T071836.430-0300 0275     if(IsNull(RISCO),'nulo',RISCO) AS RISCO,
20250606T071836.430-0300 0276     UNIDADE_ATENDIMENTO_ID,
20250606T071836.430-0300 0277     if(IsNull(OBM_ATENDIMENTO_ID),'nulo',OBM_ATENDIMENTO_ID) AS OBM_ATENDIMENTO_ID,
20250606T071836.430-0300 0278     if(IsNull(EVENTO_TEMPORARIO),'nulo',if(EVENTO_TEMPORARIO=1,'Sim',if(EVENTO_TEMPORARIO=0,'Não','--'))) AS EVENTO_TEMPORARIO,
20250606T071836.430-0300 0279     if(IsNull(SERVICO_PRESTADO_ID),'nulo',SERVICO_PRESTADO_ID) AS SERVICO_PRESTADO_ID,
20250606T071836.430-0300 0280     ANALISE_DIGITAL,
20250606T071836.430-0300 0281     if(IsNull(PROCESSO_EXPIRADO),'nulo',if(PROCESSO_EXPIRADO=1,'Sim',if(PROCESSO_EXPIRADO=0,'Não','--'))) AS EXPIRADO,
20250606T071836.430-0300 0282     if(IsNull(PROCESSO_SUSPENSO),'nulo',if(PROCESSO_SUSPENSO='1','Sim',if(PROCESSO_SUSPENSO='0','Não','--'))) AS SUSPENSO,
20250606T071836.430-0300 0283     AREA_PROJETO_SUBSTITUIDO,
20250606T071836.430-0300 0284     ID_SOLIC_MED_SEG,
20250606T071836.430-0300 0285     MEDIDAS_DE_SEGURANCA_ID,
20250606T071836.430-0300 0286     NOME as MEDIDAS_SEGURANÇA,
20250606T071836.430-0300 0287     ATIVA,
20250606T071836.430-0300 0288     USUARIO_SIAPI_ID_ALTERACAO,
20250606T071836.430-0300 0289     PERFIL_ID_ALTERACAO,
20250606T071836.430-0300 0290     DATA_ALTERACAO,
20250606T071836.430-0300 0291     USUARIO_SIAPI_ID_CRIACAO,
20250606T071836.430-0300 0292     DATA_CRIACAO,
20250606T071836.430-0300 0293     USUARIO_SIAPI_ID_EXCLUSAO,
20250606T071836.430-0300 0294     DATA_EXCLUSAO,
20250606T071836.430-0300 0295     EXCLUIDA,
20250606T071836.430-0300 0296     CREA_CAU,
20250606T071836.430-0300 0297     NOME_RESP_TEC AS RESPONSAVEL_TECNICO,
20250606T071836.430-0300 0298     EMAIL,
20250606T071836.430-0300 0299     TECNICO_ENGENHEIRO,
20250606T071836.430-0300 0300     TELEFONE as TELEFONE_SIAPI,
20250606T071836.430-0300 0301     UF,
20250606T071836.430-0300 0302     TIPO_CALCULO_TAXA,
20250606T071836.430-0300 0303     
20250606T071836.430-0300 0304     if(IsNull(CONTRIBUINTE_ID),'nulo',CONTRIBUINTE_ID) as CONTRIBUINTE_ID,
20250606T071836.430-0300 0305     SERVIDOR_CPF,
20250606T071836.430-0300 0306     DATA_PRESTACAO,
20250606T071836.430-0300 0307     TIPO_SERVICO,
20250606T071836.430-0300 0308     if(IsNull(ATO),'nulo',ATO) AS SERVICO,
20250606T071836.430-0300 0309     if(IsNull(REVENDA_GLP),'nulo',if(REVENDA_GLP=1,'Sim',if(REVENDA_GLP=0,'Não','--'))) AS REVENDA_GLP,
20250606T071836.430-0300 0310     AREA_CONSTRUIDA,
20250606T071836.430-0300 0311     CARGA_INCENDIO,
20250606T071836.430-0300 0312     NUMERO_PAVIMENTOS,
20250606T071836.430-0300 0313     if(IsNull(BAIRRO_ID),'nulo',BAIRRO_ID) AS ID_BAIRRO,
20250606T071836.430-0300 0314     if(IsNull(MUNICIPIO_ID),'nulo',MUNICIPIO_ID) AS ID_MUNICIPIO,
20250606T071836.430-0300 0315     if(IsNull(MEI),'nulo',if(MEI=1,'Sim',if(MEI=0,'Não','--'))) AS MEI,
20250606T071836.430-0300 0316     ALTURA,
20250606T071836.430-0300 0317     if(IsNull(TIPO_CNAE_ID),'nulo',if(TIPO_CNAE_ID=1,'Primário',if(TIPO_CNAE_ID=2,'Secundário','--'))) AS TIPO_CNAE,
20250606T071836.430-0300 0318     CNAE_ID,
20250606T071836.430-0300 0319     AREA AS AREA_SIAPI,
20250606T071836.430-0300 0320     ID_SP_OCUPACAO,
20250606T071836.430-0300 0321     DIVISAO,
20250606T071836.430-0300 0322     GRUPO,
20250606T071836.430-0300 0323     OCUPACAO_USO,
20250606T071836.430-0300 0324     OCUPACAO,
20250606T071836.430-0300 0325 	ID_OCUPACAO,
20250606T071836.430-0300 0326     BAIRRO,
20250606T071836.430-0300 0327     MUNICIPIOM,
20250606T071836.430-0300 0328     MUNICIPIOM &' - GO' AS Cidade_UF,
20250606T071836.430-0300 0329     DATA_VALIDADE,
20250606T071836.430-0300 0330     if(IsNull(SITUACAO_CERCON),'nulo',SITUACAO_CERCON) AS SITUACAO_CERCON,
20250606T071836.430-0300 0331     KeepChar(CPF_CNPJ,'0123456789') AS CPF_CNPJ,
20250606T071836.430-0300 0332     NOME_FANTASIA,
20250606T071836.430-0300 0333     NOME_RAZAO_SOCIAL,
20250606T071836.430-0300 0334     MEI AS MEI_CONTRIBUINTE,
20250606T071836.430-0300 0335     ID AS ID_ANDAMENTO,
20250606T071836.430-0300 0336     DATE(DATA_CADASTRO,'DD/MM/YY hh:mm:ss') AS DATA_CADASTRO_AND,
20250606T071836.430-0300 0337     Year(DATA_CADASTRO) AS ANO_CADASTRO_AND,
20250606T071836.430-0300 0338     Month(DATA_CADASTRO) AS MES_CADASTRO_AND,
20250606T071836.430-0300 0339     DATE(DATA_SERVICO,'DD/MM/YY hh:mm:ss') AS DATA_SERVICO,
20250606T071836.430-0300 0340     SERVIDOR_CADASTRO_ID,
20250606T071836.430-0300 0341     SERVIDOR_SERVICO_ID AS ID_USUARIO,
20250606T071836.430-0300 0342     OBM_USU_CADASTRO_ID AS OBM_SERVICO_ID,
20250606T071836.430-0300 0343     STATUS_ANDAMENTO,
20250606T071836.430-0300 0344     ANDAMENTO,
20250606T071836.430-0300 0345     AUTOMATICO,
20250606T071836.430-0300 0346     USUARIO_EXTERNO,
20250606T071836.430-0300 0347     if(ANDAMENTO='CADASTRO',DATE(DATA_SERVICO,'DD/MM/YY hh:mm:ss')) AS CADASTRO,
20250606T071836.430-0300 0348     if(ANDAMENTO='APROVADO',DATE(DATA_SERVICO,'DD/MM/YY hh:mm:ss')) AS APROVACAO,
20250606T071836.430-0300 0349     if(ANDAMENTO='APROVADO',Year(DATA_SERVICO)) AS ANO_APROVACAO,
20250606T071836.430-0300 0350     if(ANDAMENTO='APROVADO',Month(DATA_SERVICO)) AS MES_APROVACAO,
20250606T071836.430-0300 0351     MALOTE_ORIGEM,
20250606T071836.430-0300 0352     MALOTE_DESTINO,
20250606T071836.430-0300 0353     RG_MILITAR AS RG_MILITAR_SIAPI,
20250606T071836.430-0300 0354     NOME_GUERRA AS NOME_GUERRA_SIAPI,
20250606T071836.430-0300 0355     SIGLA_QUADRO as SIGLA_QUADRO_SIAPI,
20250606T071836.430-0300 0356     SIGLA_PATENTE,
20250606T071836.430-0300 0357     SIGLA_PATENTE &' '& SIGLA_QUADRO &' '& RG_MILITAR &' '& NOME_GUERRA AS USUARIO,
20250606T071836.430-0300 0358     CNAE,
20250606T071836.430-0300 0359     CNAE_DESCRICAO,
20250606T071836.430-0300 0360     ID_CNAE_OCUPACAO,
20250606T071836.430-0300 0361 	
20250606T071836.430-0300 0362     ID_BOLETIM AS ID_BOLETO,
20250606T071836.430-0300 0363     BOLETO_AREA,
20250606T071836.430-0300 0364     DATA_EMISSAO,
20250606T071836.430-0300 0365     DATA_PAGAMENTO,
20250606T071836.430-0300 0366     Pick(Match(TIPO_BOLETO,0,1,2,3,4,5),'Normal','Dif Taxa','Multa','Estorno','Suspenção','Renovação','??') AS TIPO_BOLETO,
20250606T071836.430-0300 0367     Pick(Match(TIPO_SITUACAO,0,1,2,3,5,6,7),'Aberto','Baixado','Isento','Estorno','Baixa manual','Cancelado','Susp Judicial','??') AS SITUACAO_BOLETO,
20250606T071836.430-0300 0368     TIPO_VIA,
20250606T071836.430-0300 0369     num(VALOR,'#.##0,00;-#.##0,00') AS VALOR,
20250606T071836.430-0300 0370     MULTA,
20250606T071836.430-0300 0371     JUROS,
20250606T071836.430-0300 0372     REGISTRADO,
20250606T071836.430-0300 0373     ARQUIVO_REMESSA_ID,
20250606T071836.430-0300 0374     PAGHIPER_ID,
20250606T071836.430-0300 0375 	RANK
20250606T071836.430-0300 0376 FROM [lib://ETL/etl-oracle/extract_bm_vistoria_oracle/E_SICAD_FUNEBOM.qvd] (qvd)
20250606T071836.430-0300 0377 WHERE DATA_CADASTRO >= Timestamp('01/01/2023 00:00:00')
20250606T071836.439-0300      	105 fields found: ID_SOLICITACAO, RESPONSAVEL_TECNICO_ID, APROVADO, PROTOCOLO, ANO, PROTOCOLO/ANO, RISCO, UNIDADE_ATENDIMENTO_ID, OBM_ATENDIMENTO_ID, EVENTO_TEMPORARIO, SERVICO_PRESTADO_ID, ANALISE_DIGITAL, EXPIRADO, SUSPENSO, AREA_PROJETO_SUBSTITUIDO, ID_SOLIC_MED_SEG, MEDIDAS_DE_SEGURANCA_ID, MEDIDAS_SEGURANÇA, ATIVA, USUARIO_SIAPI_ID_ALTERACAO, PERFIL_ID_ALTERACAO, DATA_ALTERACAO, USUARIO_SIAPI_ID_CRIACAO, DATA_CRIACAO, USUARIO_SIAPI_ID_EXCLUSAO, DATA_EXCLUSAO, EXCLUIDA, CREA_CAU, RESPONSAVEL_TECNICO, EMAIL, TECNICO_ENGENHEIRO, TELEFONE_SIAPI, UF, TIPO_CALCULO_TAXA, CONTRIBUINTE_ID, SERVIDOR_CPF, DATA_PRESTACAO, TIPO_SERVICO, SERVICO, REVENDA_GLP, AREA_CONSTRUIDA, CARGA_INCENDIO, NUMERO_PAVIMENTOS, ID_BAIRRO, ID_MUNICIPIO, MEI, ALTURA, TIPO_CNAE, CNAE_ID, AREA_SIAPI, ID_SP_OCUPACAO, DIVISAO, GRUPO, OCUPACAO_USO, OCUPACAO, ID_OCUPACAO, BAIRRO, MUNICIPIOM, Cidade_UF, DATA_VALIDADE, SITUACAO_CERCON, CPF_CNPJ, NOME_FANTASIA, NOME_RAZAO_SOCIAL, MEI_CONTRIBUINTE, ID_ANDAMENTO, DATA_CADASTRO_AND, ANO_CADASTRO_AND, MES_CADASTRO_AND, DATA_SERVICO, SERVIDOR_CADASTRO_ID, ID_USUARIO, OBM_SERVICO_ID, STATUS_ANDAMENTO, ANDAMENTO, AUTOMATICO, USUARIO_EXTERNO, CADASTRO, APROVACAO, ANO_APROVACAO, MES_APROVACAO, MALOTE_ORIGEM, MALOTE_DESTINO, RG_MILITAR_SIAPI, NOME_GUERRA_SIAPI, SIGLA_QUADRO_SIAPI, SIGLA_PATENTE, USUARIO, CNAE, CNAE_DESCRICAO, ID_CNAE_OCUPACAO, ID_BOLETO, BOLETO_AREA, DATA_EMISSAO, DATA_PAGAMENTO, TIPO_BOLETO, SITUACAO_BOLETO, TIPO_VIA, VALOR, MULTA, JUROS, REGISTRADO, ARQUIVO_REMESSA_ID, PAGHIPER_ID, RANK, 
20250606T072022.952-0300      4.703.173 lines fetched
20250606T072022.974-0300 0428 LEFT JOIN (Siapi)
20250606T072022.974-0300 0429 LOAD
20250606T072022.974-0300 0430     SIGLA_UNIDADE AS ATENDIMENTO_SIGLA,
20250606T072022.974-0300 0431     REGIONAL  as REGIONAL_SIAPI
20250606T072022.974-0300 0432 FROM [lib://ETL/etl-oracle/extract_sicad_oracle/E_EST_ORGANIZACIONAL_REAL.qvd]
20250606T072022.974-0300 0433 (qvd)
20250606T072022.974-0300 0434 WHERE ID_CORPORACAO = 62 AND SITUACAO_REGIONAL='ATIVA' AND SITUACAO_UNIDADE='ATIVA'
20250606T072022.985-0300      	2 fields found: ATENDIMENTO_SIGLA, REGIONAL_SIAPI, 
20250606T072023.400-0300      7.013 lines fetched
20250606T072023.400-0300      Joining/Keeping
20250606T084448.960-0300      -129 = 
20250606T084554.924-0300      Execution Failed
20250606T084554.993-0300      Execution finished.
