20250606T024200.471-0300      Execution started.
20250606T024200.472-0300      Qlik Sense Server Version     12.1140.2
20250606T024200.472-0300      CPU Target                    x64
20250606T024200.472-0300      Operating System              Windows Server 2012 Standard  (64 bit edition)
20250606T024200.472-0300      Wow64 mode                    Not using Wow64
20250606T024200.472-0300      Language                      0416 português Portuguese
20250606T024200.472-0300      Country                       BRA Brasil Brazil
20250606T024200.472-0300      MDAC Version                  6.2.9200.16384
20250606T024200.472-0300      MDAC Full Install Version     6.2.9200.16384
20250606T024200.472-0300      PreferredCompression          2
20250606T024200.472-0300      EnableParallelReload          1
20250606T024200.472-0300      AutoSaveAfterReload           0
20250606T024200.472-0300      BackupBeforeReload            0
20250606T024200.472-0300      EnableFlushLog                0
20250606T024200.472-0300      UserLogfileCharset            65001
20250606T024200.472-0300      OdbcLoginTimeout              -1
20250606T024200.472-0300      OdbcConnectionTimeout         -1
20250606T024200.472-0300      ConnectorSettingsFile         
20250606T024200.473-0300      LongestPossibleLine           1048576
20250606T024200.473-0300      MaxCoreMask                   15
20250606T024200.473-0300      WebFileTimeout                0
20250606T024200.473-0300      WebFileUserAgent              Mozilla/5.0
20250606T024200.473-0300      DontUseInternetCache          1
20250606T024200.473-0300      ReloadInstrTraceLevel         0
20250606T024200.473-0300      ConcatCalcTermLen             2147483646
20250606T024200.473-0300      ScriptWantsDbWrite            false
20250606T024200.473-0300      ScriptWantsExe                false
20250606T024200.473-0300      LogFile CodePage Used:        65001
20250606T024200.473-0300      UseMemoryFillPattern          1
20250606T024200.473-0300      ScriptMode                    Standard (limits system access)
20250606T024200.473-0300      SequentialThreadCount         14
20250606T024200.473-0300      NumberOfCores (effective)     4
20250606T024200.473-0300      ReloadCodebase                Bnf
20250606T024200.895-0300      Reload ID                     87c58f60-65fd-4524-8ee2-68417fc818d4
20250606T024200.895-0300      Reload Executed By            UserDirectory=INTERNAL; UserId=sa_scheduler
20250606T024200.895-0300      Process Executing             Qlik Sense Server
20250606T024200.895-0300      Process ID                    5592
20250606T024200.895-0300      Grpc version                  15.0.0
20250606T024200.895-0300      Protobuf version              3.15.6
20250606T024200.895-0300      Effective strict level        0
20250606T024200.915-0300 0002 SET ThousandSep=','
20250606T024200.915-0300 0003 SET DecimalSep='.'
20250606T024200.915-0300 0004 SET MoneyThousandSep=','
20250606T024200.915-0300 0005 SET MoneyDecimalSep='.'
20250606T024200.915-0300 0006 SET MoneyFormat='$#,##0.00;-$#,##0.00'
20250606T024200.916-0300 0007 SET TimeFormat='h:mm:ss TT'
20250606T024200.916-0300 0008 SET DateFormat='DD/MM/YYYY'
20250606T024200.916-0300 0009 SET TimestampFormat='DD/MM/YYYY h:mm:ss[.fff] TT'
20250606T024200.916-0300 0010 SET FirstWeekDay=6
20250606T024200.916-0300 0011 SET BrokenWeeks=1
20250606T024200.916-0300 0012 SET ReferenceDay=0
20250606T024200.916-0300 0013 SET FirstMonthOfYear=1
20250606T024200.916-0300 0014 SET CollationLocale='pt-BR'
20250606T024200.916-0300 0015 SET CreateSearchIndexOnReload=1
20250606T024200.916-0300 0016 SET MonthNames='Jan;Fev;Mar;Abr;Mai;Jun;Jul;Ago;Set;Out;Nov;Dez'
20250606T024200.916-0300 0017 SET LongMonthNames='Janeiro;Fevereiro;Março;Abril;Maio;Junho;Julho;Agosto;Setembro;Outubro;Novembro;Dezembro'
20250606T024200.916-0300 0018 SET DayNames='Seg;Ter;Quar;Qui;Sex;Sáb;Dom'
20250606T024200.917-0300 0019 SET LongDayNames='Segunda;Terça;Quarta;Quinta;Sexta;Sábado;Domingo'
20250606T024200.917-0300 0020 SET NumericalAbbreviation='3:k;6:M;9:G;12:T;15:P;18:E;21:Z;24:Y;-3:m;-6:μ;-9:n;-12:p;-15:f;-18:a;-21:z;-24:y'
20250606T024200.917-0300 0023 PESSOA:
20250606T024200.917-0300 0024 LOAD
20250606T024200.917-0300 0025     SPI_NATUREZA_ID,
20250606T024200.917-0300 0026     GRUPO,
20250606T024200.917-0300 0027     NATUREZA,
20250606T024200.917-0300 0028     PROATIVIDADE
20250606T024200.917-0300 0029 FROM [lib://ETL/etl-oracle/extract_dimensoes_gerais_oracle/E_NATUREZA_SPI_TIPIFICADA.qvd]
20250606T024200.917-0300 0030 (qvd)
20250606T024200.917-0300 0031 Where
20250606T024200.917-0300 0032 	match(UPPER(GRUPO),'HOMICÍDIO','FEMINICÍDIO', 'LATROCÍNIO') or SPI_NATUREZA_ID=20496 or SPI_NATUREZA_ID=501131
20250606T024200.921-0300      	4 fields found: SPI_NATUREZA_ID, GRUPO, NATUREZA, PROATIVIDADE, 
20250606T024200.946-0300      30 lines fetched
20250606T024200.950-0300 0034 INNER JOIN (PESSOA)
20250606T024200.950-0300 0035 LOAD
20250606T024200.950-0300 0036     OCO_PES_NATUR_ID,
20250606T024200.950-0300 0037     OCO_PES_ID,
20250606T024200.950-0300 0038     SPI_NATUREZA_ID,
20250606T024200.950-0300 0039     CONSUMACAO,
20250606T024200.950-0300 0040     NATUREZA_ID
20250606T024200.950-0300 0041 FROM [lib://ETL/etl-oracle/extract_rai_oracle/E_PESSOA_NATUREZA.qvd]
20250606T024200.950-0300 0042 (qvd)
20250606T024200.965-0300      	5 fields found: OCO_PES_NATUR_ID, OCO_PES_ID, SPI_NATUREZA_ID, CONSUMACAO, NATUREZA_ID, 
20250606T024258.678-0300      85.185.526 lines fetched
20250606T024258.678-0300      Joining/Keeping
20250606T024315.804-0300 0044 INNER JOIN (PESSOA)
20250606T024315.804-0300 0045 LOAD
20250606T024315.804-0300 0046     OCO_PES_ID,
20250606T024315.804-0300 0047     PESSOA_ID,
20250606T024315.804-0300 0048     PESSOA_ID as PESSOA_ID_DADOS,
20250606T024315.804-0300 0049     ID_RAI,
20250606T024315.804-0300 0050     ID_RAI as RAI_DADOS,
20250606T024315.804-0300 0051     IF(IsNull(COR_RACA_ID) = True(),'NI',COR_RACA_ID) AS COR_RACA_ID,
20250606T024315.804-0300 0052     IF(IsNull(ORIENTACAO_SEXUAL_ID) = True(),'NI',ORIENTACAO_SEXUAL_ID) AS ORIENTACAO_SEXUAL_ID,
20250606T024315.804-0300 0053     IF(IsNull(FAIXA_ETARIA_ID) = True(),'NI',FAIXA_ETARIA_ID) AS FAIXA_ETARIA_ID,
20250606T024315.804-0300 0054     SEXO_ID,
20250606T024315.804-0300 0055     TIPO_PESSOA,
20250606T024315.804-0300 0056     IF(IsNull(PROFISSAO) = True(),'Não Informado',PROFISSAO) AS PROFISSAO,    
20250606T024315.804-0300 0057     IF(IsNull(GRAU_INSTRUCAO) = True(),'Não Informado',GRAU_INSTRUCAO) AS GRAU_INSTRUCAO,  
20250606T024315.804-0300 0058     IF(IsNull(MEIO_EMPREGADO) = True(),'Não Informado',MEIO_EMPREGADO) AS MEIO_EMPREGADO,   
20250606T024315.804-0300 0059     IF(IsNull(MEIO_LOCOMOCAO) = True(),'Não Informado',MEIO_LOCOMOCAO) AS MEIO_LOCOMOCAO,  
20250606T024315.804-0300 0060     IF(IsNull(PORTA_ARMA) = True(),'Não Informado',PORTA_ARMA) AS PORTA_ARMA,    
20250606T024315.804-0300 0061     OBITO as OBITO_DADOS,
20250606T024315.804-0300 0062     trim(upper(NOME_PESSOA)) as NOME_ENVOLVIDO_DADOS,
20250606T024315.804-0300 0063     NATUREZA_ID,
20250606T024315.804-0300 0064     QUALIFICACAO_CATEGORIA,
20250606T024315.804-0300 0065     QUALIFICACAO_PESSOA
20250606T024315.804-0300 0066 FROM [lib://ETL/etl-oracle/extract_rai_oracle/E_PESSOA.qvd]
20250606T024315.804-0300 0067 (qvd)
20250606T024315.818-0300      	20 fields found: OCO_PES_ID, PESSOA_ID, PESSOA_ID_DADOS, ID_RAI, RAI_DADOS, COR_RACA_ID, ORIENTACAO_SEXUAL_ID, FAIXA_ETARIA_ID, SEXO_ID, TIPO_PESSOA, PROFISSAO, GRAU_INSTRUCAO, MEIO_EMPREGADO, MEIO_LOCOMOCAO, PORTA_ARMA, OBITO_DADOS, NOME_ENVOLVIDO_DADOS, NATUREZA_ID, QUALIFICACAO_CATEGORIA, QUALIFICACAO_PESSOA, 
20250606T025033.027-0300      89.695.222 lines fetched
20250606T025033.027-0300      Joining/Keeping
20250606T025111.410-0300 0070 Let PESSOA = Now()
20250606T025111.410-0300 0071 TRACE 06/06/2025 2:51:11 AM
20250606T025111.410-0300 0071 06/06/2025 2:51:11 AM
20250606T025111.410-0300 0072 
20250606T025111.411-0300 0073 INQUERITO:
20250606T025111.411-0300 0074 LEFT KEEP (PESSOA)
20250606T025111.411-0300 0075 LOAD
20250606T025111.411-0300 0076     ID_RAI AS ID_RAI_INQ,
20250606T025111.411-0300 0077     ID_OCORRENCIA,
20250606T025111.411-0300 0078     PROTOCOLO_SPP,
20250606T025111.411-0300 0079     floor(FATO_DATA) AS DATA_FATO_INQ,
20250606T025111.411-0300 0080     DATA_FINALIZACAO,
20250606T025111.411-0300 0081     DATA_REGISTRO as DATA_REGISTRO_INQ,
20250606T025111.411-0300 0082     TIPO_OCORRENCIA ,
20250606T025111.411-0300 0083     TIPIFICACAO
20250606T025111.411-0300 0084 FROM [lib://ETL/etl-oracle/extract_spp_oracle/E_OCORRENCIA_SPP.qvd]
20250606T025111.411-0300 0085 (qvd)
20250606T025111.434-0300      	8 fields found: ID_RAI_INQ, ID_OCORRENCIA, PROTOCOLO_SPP, DATA_FATO_INQ, DATA_FINALIZACAO, DATA_REGISTRO_INQ, TIPO_OCORRENCIA, TIPIFICACAO, 
20250606T025135.691-0300      4.401.319 lines fetched
20250606T025135.691-0300      Joining/Keeping
20250606T025136.114-0300 0088 inner Join(INQUERITO)
20250606T025136.114-0300 0089 LOAD
20250606T025136.114-0300 0090     ID_OCORRENCIA,
20250606T025136.114-0300 0091     ID_NATUREZA_SPI AS ID_NATUREZA_SPI_INQ,
20250606T025136.114-0300 0092     NATUREZA AS NATUREZA_INQ,
20250606T025136.114-0300 0093     TENTADO AS CONSUMACAO_INQ   
20250606T025136.114-0300 0094 FROM [lib://ETL/etl-oracle/extract_spp_oracle/E_NATUREZA_SPP.qvd]
20250606T025136.114-0300 0095 (qvd)
20250606T025136.149-0300      	4 fields found: ID_OCORRENCIA, ID_NATUREZA_SPI_INQ, NATUREZA_INQ, CONSUMACAO_INQ, 
20250606T025139.400-0300      5.419.192 lines fetched
20250606T025139.400-0300      Joining/Keeping
20250606T025144.045-0300 0098 Let Inquerito = Now()
20250606T025144.045-0300 0099 TRACE 06/06/2025 2:51:44 AM
20250606T025144.045-0300 0099 06/06/2025 2:51:44 AM
20250606T025144.045-0300 0100 
20250606T025144.046-0300 0101 POPULACAO:
20250606T025144.046-0300 0102 LOAD
20250606T025144.046-0300 0103     POPULACAO,
20250606T025144.046-0300 0104     CIDADE AS MUNICIPIO 
20250606T025144.046-0300 0105 FROM [lib://ETL/etl-oracle/extract_dimensoes_gerais_oracle/E_POPULACAO.qvd]
20250606T025144.046-0300 0106 (qvd)
20250606T025144.056-0300      	2 fields found: POPULACAO, MUNICIPIO, 
20250606T025144.059-0300      246 lines fetched
20250606T025144.064-0300 0108 OCORRENCIA:
20250606T025144.065-0300 0109 INNER JOIN (PESSOA)
20250606T025144.065-0300 0110 LOAD
20250606T025144.065-0300 0111     ID_RAI,
20250606T025144.065-0300 0112     ID_RAI AS RAI_PES,
20250606T025144.065-0300 0113     ID_RAI AS ID_RAI_INQ,
20250606T025144.065-0300 0114     ID_RAI AS RAI_AFETO,
20250606T025144.065-0300 0115     STATUS_OCORRENCIA,    
20250606T025144.065-0300 0116     DATA_FATO,
20250606T025144.065-0300 0117     ANO_FATO,
20250606T025144.065-0300 0118     MES_FATO,
20250606T025144.065-0300 0119     MES_FATO_NUMERO,
20250606T025144.065-0300 0120     DIA_FATO,
20250606T025144.065-0300 0121     IF(WeekDay(DATA_FATO) >= 5, 0, 1 ) as FlagDiaUtil,
20250606T025144.065-0300 0122     DATA_FATO & '-' & weekday(DATA_FATO) as DATA_FATO_DIA_SEMANA,
20250606T025144.065-0300 0123     mid(DATA_FATO,1,5) & '-' & weekday(DATA_FATO) as DIAMES_FATO_DIA_SEMANA,
20250606T025144.065-0300 0124     mid(DATA_FATO,1,5) as DIAMES_DATA_FATO,
20250606T025144.065-0300 0125     weekday(DATA_FATO) as DIA_DA_SEMANA,
20250606T025144.065-0300 0126     HORA_FATO,
20250606T025144.065-0300 0127     DATA_REGISTRO,
20250606T025144.065-0300 0128     ANO_REGISTRO,
20250606T025144.065-0300 0129     MES_REGISTRO,
20250606T025144.065-0300 0130     DIA_REGISTRO,
20250606T025144.065-0300 0131     DATA_ULTIMA_ATUALIZACAO,
20250606T025144.065-0300 0132     MOTIVACAO_ID,
20250606T025144.065-0300 0133     SICAD_UNIDADE_ID,
20250606T025144.065-0300 0134     ORIGEM_OCORRENCIA,
20250606T025144.065-0300 0135     ENDERECO_ID,
20250606T025144.065-0300 0136     LOGRADOURO,
20250606T025144.065-0300 0137     OCORRENCIA_AMBIENTE_ID
20250606T025144.065-0300 0138 FROM [lib://ETL/etl-oracle/extract_rai_oracle/E_FATO_OCORRENCIA.qvd]
20250606T025144.065-0300 0139 (qvd)
20250606T025144.065-0300 0140 Where
20250606T025144.065-0300 0141   ANO_FATO >='2018'
20250606T025144.065-0300 0142   AND STATUS_OCORRENCIA = 'OCORRENCIA'
20250606T025154.013-0300      Error: Cannot open file: '\\estatistica\Repositorio\ETL\etl-oracle\extract_rai_oracle\E_FATO_OCORRENCIA.qvd' (Connector error: sharingViolation)
20250606T025154.585-0300      Execution Failed
20250606T025154.605-0300      Execution finished.
